<?xml version="1.0" encoding="UTF-8"?>
<testng-results ignored="0" total="1" passed="1" failed="0" skipped="0">
  <reporter-output>
  </reporter-output>
  <suite started-at="2023-11-22T18:04:56 IST" name="Default suite" finished-at="2023-11-22T18:04:56 IST" duration-ms="164">
    <groups>
    </groups>
    <test started-at="2023-11-22T18:04:56 IST" name="Default test" finished-at="2023-11-22T18:04:56 IST" duration-ms="164">
      <class name="PrasadMantri.TestingProject.FirstTest">
        <test-method signature="FirstTest()[pri:0, instance:PrasadMantri.TestingProject.FirstTest@6c64cb25]" started-at="2023-11-22T18:04:56 IST" name="FirstTest" finished-at="2023-11-22T18:04:56 IST" duration-ms="40" status="PASS">
          <reporter-output>
          </reporter-output>
        </test-method> <!-- FirstTest -->
      </class> <!-- PrasadMantri.TestingProject.FirstTest -->
    </test> <!-- Default test -->
  </suite> <!-- Default suite -->
</testng-results>
